<?xml version="1.0" encoding="UTF-8"?>
<!-- Generated by org.testng.reporters.JUnitXMLReporter -->
<testsuite hostname="MACPRO179.local" ignored="0" name="Regression suite 1" tests="20" failures="0" timestamp="23 Nov 2019 19:28:44 GMT" time="0.062" errors="0">
  <testcase name="test1" time="0.004" classname="demoPackeage.TestClassOne"/>
  <testcase name="test10" time="0.001" classname="demoPackeage.TestClassOne"/>
  <testcase name="test2" time="0.001" classname="demoPackeage.TestClassOne"/>
  <testcase name="test3" time="0.001" classname="demoPackeage.TestClassOne"/>
  <testcase name="test4" time="0.0" classname="demoPackeage.TestClassOne"/>
  <testcase name="test5" time="0.001" classname="demoPackeage.TestClassOne"/>
  <testcase name="test6" time="0.001" classname="demoPackeage.TestClassOne"/>
  <testcase name="test7" time="0.001" classname="demoPackeage.TestClassOne"/>
  <testcase name="test8" time="0.001" classname="demoPackeage.TestClassOne"/>
  <testcase name="test9" time="0.001" classname="demoPackeage.TestClassOne"/>
  <testcase name="test1" time="0.001" classname="demoPackeage.TestClassTwo"/>
  <testcase name="test10" time="0.001" classname="demoPackeage.TestClassTwo"/>
  <testcase name="test2" time="0.001" classname="demoPackeage.TestClassTwo"/>
  <testcase name="test3" time="0.001" classname="demoPackeage.TestClassTwo"/>
  <testcase name="test4" time="0.0" classname="demoPackeage.TestClassTwo"/>
  <testcase name="test5" time="0.001" classname="demoPackeage.TestClassTwo"/>
  <testcase name="test6" time="0.001" classname="demoPackeage.TestClassTwo"/>
  <testcase name="test7" time="0.001" classname="demoPackeage.TestClassTwo"/>
  <testcase name="test8" time="0.001" classname="demoPackeage.TestClassTwo"/>
  <testcase name="test9" time="0.001" classname="demoPackeage.TestClassTwo"/>
</testsuite> <!-- Regression suite 1 -->
