<?xml version="1.0" encoding="UTF-8"?>
<testng-results skipped="0" failed="0" ignored="0" total="20" passed="20">
  <reporter-output>
  </reporter-output>
  <suite name="example suite 1" duration-ms="62" started-at="2019-11-23T19:28:44Z" finished-at="2019-11-23T19:28:44Z">
    <groups>
    </groups>
    <test name="Regression suite 1" duration-ms="62" started-at="2019-11-23T19:28:44Z" finished-at="2019-11-23T19:28:44Z">
      <class name="demoPackeage.TestClassOne">
        <test-method status="PASS" signature="beforeMethod()[pri:0, instance:demoPackeage.TestClassOne@4f933fd1]" name="beforeMethod" is-config="true" duration-ms="4" started-at="2019-11-24T00:58:44Z" finished-at="2019-11-24T00:58:44Z">
          <reporter-output>
          </reporter-output>
        </test-method> <!-- beforeMethod -->
        <test-method status="PASS" signature="test1()[pri:0, instance:demoPackeage.TestClassOne@4f933fd1]" name="test1" duration-ms="4" started-at="2019-11-24T00:58:44Z" finished-at="2019-11-24T00:58:44Z">
          <reporter-output>
          </reporter-output>
        </test-method> <!-- test1 -->
        <test-method status="PASS" signature="afterMethod()[pri:0, instance:demoPackeage.TestClassOne@4f933fd1]" name="afterMethod" is-config="true" duration-ms="0" started-at="2019-11-24T00:58:44Z" finished-at="2019-11-24T00:58:44Z">
          <reporter-output>
          </reporter-output>
        </test-method> <!-- afterMethod -->
        <test-method status="PASS" signature="test10()[pri:0, instance:demoPackeage.TestClassOne@4f933fd1]" name="test10" duration-ms="1" started-at="2019-11-24T00:58:44Z" finished-at="2019-11-24T00:58:44Z">
          <reporter-output>
          </reporter-output>
        </test-method> <!-- test10 -->
        <test-method status="PASS" signature="beforeMethod()[pri:0, instance:demoPackeage.TestClassOne@4f933fd1]" name="beforeMethod" is-config="true" duration-ms="0" started-at="2019-11-24T00:58:44Z" finished-at="2019-11-24T00:58:44Z">
          <reporter-output>
          </reporter-output>
        </test-method> <!-- beforeMethod -->
        <test-method status="PASS" signature="test2()[pri:0, instance:demoPackeage.TestClassOne@4f933fd1]" name="test2" duration-ms="1" started-at="2019-11-24T00:58:44Z" finished-at="2019-11-24T00:58:44Z">
          <reporter-output>
          </reporter-output>
        </test-method> <!-- test2 -->
        <test-method status="PASS" signature="afterMethod()[pri:0, instance:demoPackeage.TestClassOne@4f933fd1]" name="afterMethod" is-config="true" duration-ms="0" started-at="2019-11-24T00:58:44Z" finished-at="2019-11-24T00:58:44Z">
          <reporter-output>
          </reporter-output>
        </test-method> <!-- afterMethod -->
        <test-method status="PASS" signature="beforeMethod()[pri:0, instance:demoPackeage.TestClassOne@4f933fd1]" name="beforeMethod" is-config="true" duration-ms="0" started-at="2019-11-24T00:58:44Z" finished-at="2019-11-24T00:58:44Z">
          <reporter-output>
          </reporter-output>
        </test-method> <!-- beforeMethod -->
        <test-method status="PASS" signature="test3()[pri:0, instance:demoPackeage.TestClassOne@4f933fd1]" name="test3" duration-ms="1" started-at="2019-11-24T00:58:44Z" finished-at="2019-11-24T00:58:44Z">
          <reporter-output>
          </reporter-output>
        </test-method> <!-- test3 -->
        <test-method status="PASS" signature="beforeMethod()[pri:0, instance:demoPackeage.TestClassOne@4f933fd1]" name="beforeMethod" is-config="true" duration-ms="0" started-at="2019-11-24T00:58:44Z" finished-at="2019-11-24T00:58:44Z">
          <reporter-output>
          </reporter-output>
        </test-method> <!-- beforeMethod -->
        <test-method status="PASS" signature="afterMethod()[pri:0, instance:demoPackeage.TestClassOne@4f933fd1]" name="afterMethod" is-config="true" duration-ms="0" started-at="2019-11-24T00:58:44Z" finished-at="2019-11-24T00:58:44Z">
          <reporter-output>
          </reporter-output>
        </test-method> <!-- afterMethod -->
        <test-method status="PASS" signature="beforeMethod()[pri:0, instance:demoPackeage.TestClassOne@4f933fd1]" name="beforeMethod" is-config="true" duration-ms="1" started-at="2019-11-24T00:58:44Z" finished-at="2019-11-24T00:58:44Z">
          <reporter-output>
          </reporter-output>
        </test-method> <!-- beforeMethod -->
        <test-method status="PASS" signature="afterMethod()[pri:0, instance:demoPackeage.TestClassOne@4f933fd1]" name="afterMethod" is-config="true" duration-ms="0" started-at="2019-11-24T00:58:44Z" finished-at="2019-11-24T00:58:44Z">
          <reporter-output>
          </reporter-output>
        </test-method> <!-- afterMethod -->
        <test-method status="PASS" signature="test4()[pri:0, instance:demoPackeage.TestClassOne@4f933fd1]" name="test4" duration-ms="0" started-at="2019-11-24T00:58:44Z" finished-at="2019-11-24T00:58:44Z">
          <reporter-output>
          </reporter-output>
        </test-method> <!-- test4 -->
        <test-method status="PASS" signature="afterMethod()[pri:0, instance:demoPackeage.TestClassOne@4f933fd1]" name="afterMethod" is-config="true" duration-ms="0" started-at="2019-11-24T00:58:44Z" finished-at="2019-11-24T00:58:44Z">
          <reporter-output>
          </reporter-output>
        </test-method> <!-- afterMethod -->
        <test-method status="PASS" signature="test5()[pri:0, instance:demoPackeage.TestClassOne@4f933fd1]" name="test5" duration-ms="1" started-at="2019-11-24T00:58:44Z" finished-at="2019-11-24T00:58:44Z">
          <reporter-output>
          </reporter-output>
        </test-method> <!-- test5 -->
        <test-method status="PASS" signature="beforeMethod()[pri:0, instance:demoPackeage.TestClassOne@4f933fd1]" name="beforeMethod" is-config="true" duration-ms="0" started-at="2019-11-24T00:58:44Z" finished-at="2019-11-24T00:58:44Z">
          <reporter-output>
          </reporter-output>
        </test-method> <!-- beforeMethod -->
        <test-method status="PASS" signature="afterMethod()[pri:0, instance:demoPackeage.TestClassOne@4f933fd1]" name="afterMethod" is-config="true" duration-ms="0" started-at="2019-11-24T00:58:44Z" finished-at="2019-11-24T00:58:44Z">
          <reporter-output>
          </reporter-output>
        </test-method> <!-- afterMethod -->
        <test-method status="PASS" signature="beforeMethod()[pri:0, instance:demoPackeage.TestClassOne@4f933fd1]" name="beforeMethod" is-config="true" duration-ms="0" started-at="2019-11-24T00:58:44Z" finished-at="2019-11-24T00:58:44Z">
          <reporter-output>
          </reporter-output>
        </test-method> <!-- beforeMethod -->
        <test-method status="PASS" signature="test6()[pri:0, instance:demoPackeage.TestClassOne@4f933fd1]" name="test6" duration-ms="1" started-at="2019-11-24T00:58:44Z" finished-at="2019-11-24T00:58:44Z">
          <reporter-output>
          </reporter-output>
        </test-method> <!-- test6 -->
        <test-method status="PASS" signature="afterMethod()[pri:0, instance:demoPackeage.TestClassOne@4f933fd1]" name="afterMethod" is-config="true" duration-ms="1" started-at="2019-11-24T00:58:44Z" finished-at="2019-11-24T00:58:44Z">
          <reporter-output>
          </reporter-output>
        </test-method> <!-- afterMethod -->
        <test-method status="PASS" signature="test7()[pri:0, instance:demoPackeage.TestClassOne@4f933fd1]" name="test7" duration-ms="1" started-at="2019-11-24T00:58:44Z" finished-at="2019-11-24T00:58:44Z">
          <reporter-output>
          </reporter-output>
        </test-method> <!-- test7 -->
        <test-method status="PASS" signature="beforeMethod()[pri:0, instance:demoPackeage.TestClassOne@4f933fd1]" name="beforeMethod" is-config="true" duration-ms="0" started-at="2019-11-24T00:58:44Z" finished-at="2019-11-24T00:58:44Z">
          <reporter-output>
          </reporter-output>
        </test-method> <!-- beforeMethod -->
        <test-method status="PASS" signature="afterMethod()[pri:0, instance:demoPackeage.TestClassOne@4f933fd1]" name="afterMethod" is-config="true" duration-ms="0" started-at="2019-11-24T00:58:44Z" finished-at="2019-11-24T00:58:44Z">
          <reporter-output>
          </reporter-output>
        </test-method> <!-- afterMethod -->
        <test-method status="PASS" signature="beforeMethod()[pri:0, instance:demoPackeage.TestClassOne@4f933fd1]" name="beforeMethod" is-config="true" duration-ms="0" started-at="2019-11-24T00:58:44Z" finished-at="2019-11-24T00:58:44Z">
          <reporter-output>
          </reporter-output>
        </test-method> <!-- beforeMethod -->
        <test-method status="PASS" signature="test8()[pri:0, instance:demoPackeage.TestClassOne@4f933fd1]" name="test8" duration-ms="1" started-at="2019-11-24T00:58:44Z" finished-at="2019-11-24T00:58:44Z">
          <reporter-output>
          </reporter-output>
        </test-method> <!-- test8 -->
        <test-method status="PASS" signature="beforeMethod()[pri:0, instance:demoPackeage.TestClassOne@4f933fd1]" name="beforeMethod" is-config="true" duration-ms="0" started-at="2019-11-24T00:58:44Z" finished-at="2019-11-24T00:58:44Z">
          <reporter-output>
          </reporter-output>
        </test-method> <!-- beforeMethod -->
        <test-method status="PASS" signature="test9()[pri:0, instance:demoPackeage.TestClassOne@4f933fd1]" name="test9" duration-ms="1" started-at="2019-11-24T00:58:44Z" finished-at="2019-11-24T00:58:44Z">
          <reporter-output>
          </reporter-output>
        </test-method> <!-- test9 -->
        <test-method status="PASS" signature="afterMethod()[pri:0, instance:demoPackeage.TestClassOne@4f933fd1]" name="afterMethod" is-config="true" duration-ms="0" started-at="2019-11-24T00:58:44Z" finished-at="2019-11-24T00:58:44Z">
          <reporter-output>
          </reporter-output>
        </test-method> <!-- afterMethod -->
        <test-method status="PASS" signature="afterMethod()[pri:0, instance:demoPackeage.TestClassOne@4f933fd1]" name="afterMethod" is-config="true" duration-ms="1" started-at="2019-11-24T00:58:44Z" finished-at="2019-11-24T00:58:44Z">
          <reporter-output>
          </reporter-output>
        </test-method> <!-- afterMethod -->
      </class> <!-- demoPackeage.TestClassOne -->
      <class name="demoPackeage.TestClassTwo">
        <test-method status="PASS" signature="test1()[pri:0, instance:demoPackeage.TestClassTwo@548a9f61]" name="test1" duration-ms="1" started-at="2019-11-24T00:58:44Z" finished-at="2019-11-24T00:58:44Z">
          <reporter-output>
          </reporter-output>
        </test-method> <!-- test1 -->
        <test-method status="PASS" signature="test10()[pri:0, instance:demoPackeage.TestClassTwo@548a9f61]" name="test10" duration-ms="1" started-at="2019-11-24T00:58:44Z" finished-at="2019-11-24T00:58:44Z">
          <reporter-output>
          </reporter-output>
        </test-method> <!-- test10 -->
        <test-method status="PASS" signature="test2()[pri:0, instance:demoPackeage.TestClassTwo@548a9f61]" name="test2" duration-ms="1" started-at="2019-11-24T00:58:44Z" finished-at="2019-11-24T00:58:44Z">
          <reporter-output>
          </reporter-output>
        </test-method> <!-- test2 -->
        <test-method status="PASS" signature="test3()[pri:0, instance:demoPackeage.TestClassTwo@548a9f61]" name="test3" duration-ms="1" started-at="2019-11-24T00:58:44Z" finished-at="2019-11-24T00:58:44Z">
          <reporter-output>
          </reporter-output>
        </test-method> <!-- test3 -->
        <test-method status="PASS" signature="test4()[pri:0, instance:demoPackeage.TestClassTwo@548a9f61]" name="test4" duration-ms="0" started-at="2019-11-24T00:58:44Z" finished-at="2019-11-24T00:58:44Z">
          <reporter-output>
          </reporter-output>
        </test-method> <!-- test4 -->
        <test-method status="PASS" signature="test5()[pri:0, instance:demoPackeage.TestClassTwo@548a9f61]" name="test5" duration-ms="1" started-at="2019-11-24T00:58:44Z" finished-at="2019-11-24T00:58:44Z">
          <reporter-output>
          </reporter-output>
        </test-method> <!-- test5 -->
        <test-method status="PASS" signature="test6()[pri:0, instance:demoPackeage.TestClassTwo@548a9f61]" name="test6" duration-ms="1" started-at="2019-11-24T00:58:44Z" finished-at="2019-11-24T00:58:44Z">
          <reporter-output>
          </reporter-output>
        </test-method> <!-- test6 -->
        <test-method status="PASS" signature="test7()[pri:0, instance:demoPackeage.TestClassTwo@548a9f61]" name="test7" duration-ms="1" started-at="2019-11-24T00:58:44Z" finished-at="2019-11-24T00:58:44Z">
          <reporter-output>
          </reporter-output>
        </test-method> <!-- test7 -->
        <test-method status="PASS" signature="test8()[pri:0, instance:demoPackeage.TestClassTwo@548a9f61]" name="test8" duration-ms="1" started-at="2019-11-24T00:58:44Z" finished-at="2019-11-24T00:58:44Z">
          <reporter-output>
          </reporter-output>
        </test-method> <!-- test8 -->
        <test-method status="PASS" signature="test9()[pri:0, instance:demoPackeage.TestClassTwo@548a9f61]" name="test9" duration-ms="1" started-at="2019-11-24T00:58:44Z" finished-at="2019-11-24T00:58:44Z">
          <reporter-output>
          </reporter-output>
        </test-method> <!-- test9 -->
      </class> <!-- demoPackeage.TestClassTwo -->
    </test> <!-- Regression suite 1 -->
  </suite> <!-- example suite 1 -->
</testng-results>
